Connecting to database specified by database.yml
  [1m[36m (15.3ms)[0m  [1mSELECT "schema_migrations"."version" FROM "schema_migrations" [0m
Migrating to CreateMovies (20111119180638)
  [1m[35m (0.1ms)[0m  select sqlite_version(*)
  [1m[36m (0.1ms)[0m  [1mSELECT "schema_migrations"."version" FROM "schema_migrations" [0m
Connecting to database specified by database.yml
  [1m[36m (1.4ms)[0m  [1mSELECT "schema_migrations"."version" FROM "schema_migrations" [0m
  [1m[35m (0.2ms)[0m  select sqlite_version(*)
  [1m[36m (64.8ms)[0m  [1mCREATE TABLE "movies" ("id" INTEGER PRIMARY KEY AUTOINCREMENT NOT NULL, "title" varchar(255), "rating" varchar(255), "description" text, "release_date" datetime, "created_at" datetime, "updated_at" datetime) [0m
  [1m[35m (9.9ms)[0m  CREATE TABLE "schema_migrations" ("version" varchar(255) NOT NULL) 
  [1m[36m (39.6ms)[0m  [1mCREATE UNIQUE INDEX "unique_schema_migrations" ON "schema_migrations" ("version")[0m
  [1m[35m (0.1ms)[0m  SELECT version FROM "schema_migrations"
  [1m[36m (8.6ms)[0m  [1mINSERT INTO "schema_migrations" (version) VALUES ('20120130161449')[0m
  [1m[35m (8.9ms)[0m  INSERT INTO "schema_migrations" (version) VALUES ('20111119180638')
Connecting to database specified by database.yml
  [1m[36m (1.2ms)[0m  [1mSELECT "schema_migrations"."version" FROM "schema_migrations" [0m
  [1m[35m (0.2ms)[0m  select sqlite_version(*)
  [1m[36m (479.9ms)[0m  [1mCREATE TABLE "movies" ("id" INTEGER PRIMARY KEY AUTOINCREMENT NOT NULL, "title" varchar(255), "rating" varchar(255), "description" text, "release_date" datetime, "created_at" datetime, "updated_at" datetime) [0m
  [1m[35m (18.6ms)[0m  CREATE TABLE "schema_migrations" ("version" varchar(255) NOT NULL) 
  [1m[36m (23.2ms)[0m  [1mCREATE UNIQUE INDEX "unique_schema_migrations" ON "schema_migrations" ("version")[0m
  [1m[35m (0.1ms)[0m  SELECT version FROM "schema_migrations"
  [1m[36m (51.4ms)[0m  [1mINSERT INTO "schema_migrations" (version) VALUES ('20120130161449')[0m
  [1m[35m (9.9ms)[0m  INSERT INTO "schema_migrations" (version) VALUES ('20111119180638')
Connecting to database specified by database.yml
  [1m[36m (1.6ms)[0m  [1mSELECT "schema_migrations"."version" FROM "schema_migrations" [0m
  [1m[35m (0.2ms)[0m  select sqlite_version(*)
  [1m[36m (109.2ms)[0m  [1mCREATE TABLE "movies" ("id" INTEGER PRIMARY KEY AUTOINCREMENT NOT NULL, "title" varchar(255), "rating" varchar(255), "description" text, "release_date" datetime, "created_at" datetime, "updated_at" datetime) [0m
  [1m[35m (9.1ms)[0m  CREATE TABLE "schema_migrations" ("version" varchar(255) NOT NULL) 
  [1m[36m (56.2ms)[0m  [1mCREATE UNIQUE INDEX "unique_schema_migrations" ON "schema_migrations" ("version")[0m
  [1m[35m (0.1ms)[0m  SELECT version FROM "schema_migrations"
  [1m[36m (9.8ms)[0m  [1mINSERT INTO "schema_migrations" (version) VALUES ('20120130161449')[0m
  [1m[35m (40.8ms)[0m  INSERT INTO "schema_migrations" (version) VALUES ('20111119180638')
Connecting to database specified by database.yml
  [1m[36m (1.5ms)[0m  [1mSELECT "schema_migrations"."version" FROM "schema_migrations" [0m
  [1m[35m (0.2ms)[0m  select sqlite_version(*)
  [1m[36m (74.6ms)[0m  [1mCREATE TABLE "movies" ("id" INTEGER PRIMARY KEY AUTOINCREMENT NOT NULL, "title" varchar(255), "rating" varchar(255), "description" text, "release_date" datetime, "created_at" datetime, "updated_at" datetime) [0m
  [1m[35m (18.8ms)[0m  CREATE TABLE "schema_migrations" ("version" varchar(255) NOT NULL) 
  [1m[36m (9.5ms)[0m  [1mCREATE UNIQUE INDEX "unique_schema_migrations" ON "schema_migrations" ("version")[0m
  [1m[35m (0.1ms)[0m  SELECT version FROM "schema_migrations"
  [1m[36m (9.4ms)[0m  [1mINSERT INTO "schema_migrations" (version) VALUES ('20120130161449')[0m
  [1m[35m (29.6ms)[0m  INSERT INTO "schema_migrations" (version) VALUES ('20111119180638')
Connecting to database specified by database.yml
  [1m[36m (1.3ms)[0m  [1mSELECT "schema_migrations"."version" FROM "schema_migrations" [0m
  [1m[35m (0.2ms)[0m  select sqlite_version(*)
  [1m[36m (53.8ms)[0m  [1mCREATE TABLE "movies" ("id" INTEGER PRIMARY KEY AUTOINCREMENT NOT NULL, "title" varchar(255), "rating" varchar(255), "description" text, "release_date" datetime, "created_at" datetime, "updated_at" datetime) [0m
  [1m[35m (46.7ms)[0m  CREATE TABLE "schema_migrations" ("version" varchar(255) NOT NULL) 
  [1m[36m (8.1ms)[0m  [1mCREATE UNIQUE INDEX "unique_schema_migrations" ON "schema_migrations" ("version")[0m
  [1m[35m (0.1ms)[0m  SELECT version FROM "schema_migrations"
  [1m[36m (13.6ms)[0m  [1mINSERT INTO "schema_migrations" (version) VALUES ('20120130161449')[0m
  [1m[35m (8.9ms)[0m  INSERT INTO "schema_migrations" (version) VALUES ('20111119180638')
